[   769.102] (WW) Failed to open protocol names file lib/xorg/protocol.txt
[   769.102] 
X.Org X Server 1.20.10
X Protocol Version 11, Revision 0
[   769.103] Build Operating System: Linux Arch Linux
[   769.103] Current Operating System: Linux peershaul 5.10.13-zen1-1-zen #1 ZEN SMP PREEMPT Wed, 03 Feb 2021 23:44:04 +0000 x86_64
[   769.103] Kernel command line: BOOT_IMAGE=/vmlinuz-linux-zen root=UUID=73475418-1001-4d51-b85e-dc442cb6608f rw loglevel=3 quiet
[   769.103] Build Date: 14 December 2020  12:10:29PM
[   769.103]  
[   769.103] Current version of pixman: 0.40.0
[   769.104] 	Before reporting problems, check http://wiki.x.org
	to make sure that you have the latest version.
[   769.104] Markers: (--) probed, (**) from config file, (==) default setting,
	(++) from command line, (!!) notice, (II) informational,
	(WW) warning, (EE) error, (NI) not implemented, (??) unknown.
[   769.104] (==) Log file: "/home/peershaul/.local/share/xorg/Xorg.0.log", Time: Fri Feb  5 17:38:08 2021
[   769.104] (==) Using system config directory "/usr/share/X11/xorg.conf.d"
[   769.104] (==) No Layout section.  Using the first Screen section.
[   769.104] (==) No screen section available. Using defaults.
[   769.104] (**) |-->Screen "Default Screen Section" (0)
[   769.104] (**) |   |-->Monitor "<default monitor>"
[   769.105] (==) No monitor specified for screen "Default Screen Section".
	Using a default monitor configuration.
[   769.105] (==) Automatically adding devices
[   769.105] (==) Automatically enabling devices
[   769.105] (==) Automatically adding GPU devices
[   769.105] (==) Automatically binding GPU devices
[   769.105] (==) Max clients allowed: 256, resource mask: 0x1fffff
[   769.105] (WW) The directory "/usr/share/fonts/misc" does not exist.
[   769.105] 	Entry deleted from font path.
[   769.105] (WW) The directory "/usr/share/fonts/OTF" does not exist.
[   769.105] 	Entry deleted from font path.
[   769.105] (WW) The directory "/usr/share/fonts/Type1" does not exist.
[   769.105] 	Entry deleted from font path.
[   769.105] (==) FontPath set to:
	/usr/share/fonts/TTF,
	/usr/share/fonts/100dpi,
	/usr/share/fonts/75dpi
[   769.105] (==) ModulePath set to "/usr/lib/xorg/modules"
[   769.105] (II) The server relies on udev to provide the list of input devices.
	If no devices become available, reconfigure udev or disable AutoAddDevices.
[   769.105] (II) Module ABI versions:
[   769.105] 	X.Org ANSI C Emulation: 0.4
[   769.105] 	X.Org Video Driver: 24.1
[   769.105] 	X.Org XInput driver : 24.1
[   769.105] 	X.Org Server Extension : 10.0
[   769.105] (++) using VT number 1

[   769.106] (II) systemd-logind: took control of session /org/freedesktop/login1/session/_31
[   769.107] (II) xfree86: Adding drm device (/dev/dri/card0)
[   769.107] (II) systemd-logind: got fd for /dev/dri/card0 226:0 fd 10 paused 0
[   769.108] (--) PCI:*(1@0:0:0) 10de:1f82:1043:86b7 rev 161, Mem @ 0xa2000000/16777216, 0x90000000/268435456, 0xa0000000/33554432, I/O @ 0x00005000/128, BIOS @ 0x????????/131072
[   769.108] (WW) Open ACPI failed (/var/run/acpid.socket) (No such file or directory)
[   769.108] (II) LoadModule: "glx"
[   769.109] (II) Loading /usr/lib/xorg/modules/extensions/libglx.so
[   769.114] (II) Module glx: vendor="X.Org Foundation"
[   769.114] 	compiled for 1.20.10, module version = 1.0.0
[   769.114] 	ABI class: X.Org Server Extension, version 10.0
[   769.114] (==) Matched nouveau as autoconfigured driver 0
[   769.114] (==) Matched nv as autoconfigured driver 1
[   769.114] (==) Matched modesetting as autoconfigured driver 2
[   769.114] (==) Matched fbdev as autoconfigured driver 3
[   769.114] (==) Matched vesa as autoconfigured driver 4
[   769.114] (==) Assigned the driver to the xf86ConfigLayout
[   769.114] (II) LoadModule: "nouveau"
[   769.114] (WW) Warning, couldn't open module nouveau
[   769.114] (EE) Failed to load module "nouveau" (module does not exist, 0)
[   769.114] (II) LoadModule: "nv"
[   769.114] (WW) Warning, couldn't open module nv
[   769.114] (EE) Failed to load module "nv" (module does not exist, 0)
[   769.114] (II) LoadModule: "modesetting"
[   769.114] (II) Loading /usr/lib/xorg/modules/drivers/modesetting_drv.so
[   769.116] (II) Module modesetting: vendor="X.Org Foundation"
[   769.116] 	compiled for 1.20.10, module version = 1.20.10
[   769.116] 	Module class: X.Org Video Driver
[   769.116] 	ABI class: X.Org Video Driver, version 24.1
[   769.116] (II) LoadModule: "fbdev"
[   769.116] (WW) Warning, couldn't open module fbdev
[   769.116] (EE) Failed to load module "fbdev" (module does not exist, 0)
[   769.116] (II) LoadModule: "vesa"
[   769.116] (II) Loading /usr/lib/xorg/modules/drivers/vesa_drv.so
[   769.116] (II) Module vesa: vendor="X.Org Foundation"
[   769.116] 	compiled for 1.20.9, module version = 2.5.0
[   769.116] 	Module class: X.Org Video Driver
[   769.116] 	ABI class: X.Org Video Driver, version 24.1
[   769.116] (II) modesetting: Driver for Modesetting Kernel Drivers: kms
[   769.116] (II) VESA: driver for VESA chipsets: vesa
[   769.116] xf86EnableIOPorts: failed to set IOPL for I/O (Operation not permitted)
[   769.116] (II) modeset(0): using drv /dev/dri/card0
[   769.116] (WW) VGA arbiter: cannot open kernel arbiter, no multi-card support
[   769.116] (II) modeset(0): Creating default Display subsection in Screen section
	"Default Screen Section" for depth/fbbpp 24/32
[   769.116] (==) modeset(0): Depth 24, (==) framebuffer bpp 32
[   769.116] (==) modeset(0): RGB weight 888
[   769.116] (==) modeset(0): Default visual is TrueColor
[   769.116] (II) Loading sub module "glamoregl"
[   769.116] (II) LoadModule: "glamoregl"
[   769.116] (II) Loading /usr/lib/xorg/modules/libglamoregl.so
[   769.121] (II) Module glamoregl: vendor="X.Org Foundation"
[   769.121] 	compiled for 1.20.10, module version = 1.0.1
[   769.121] 	ABI class: X.Org ANSI C Emulation, version 0.4
[   769.334] (II) modeset(0): glamor X acceleration enabled on NV167
[   769.334] (II) modeset(0): glamor initialized
[   769.368] (II) modeset(0): Output DVI-D-1 has no monitor section
[   769.369] (II) modeset(0): Output HDMI-1 has no monitor section
[   769.422] (II) modeset(0): Output DP-1 has no monitor section
[   769.456] (II) modeset(0): EDID for output DVI-D-1
[   769.456] (II) modeset(0): Manufacturer: PHL  Model: c0d1  Serial#: 13862
[   769.456] (II) modeset(0): Year: 2020  Week: 3
[   769.456] (II) modeset(0): EDID Version: 1.3
[   769.456] (II) modeset(0): Digital Display Input
[   769.456] (II) modeset(0): Max Image Size [cm]: horiz.: 52  vert.: 29
[   769.456] (II) modeset(0): Gamma: 2.20
[   769.456] (II) modeset(0): DPMS capabilities: Off
[   769.456] (II) modeset(0): Supported color encodings: RGB 4:4:4 YCrCb 4:4:4 
[   769.456] (II) modeset(0): First detailed timing is preferred mode
[   769.456] (II) modeset(0): redX: 0.641 redY: 0.338   greenX: 0.311 greenY: 0.619
[   769.456] (II) modeset(0): blueX: 0.159 blueY: 0.059   whiteX: 0.313 whiteY: 0.329
[   769.456] (II) modeset(0): Supported established timings:
[   769.456] (II) modeset(0): 720x400@70Hz
[   769.456] (II) modeset(0): 640x480@60Hz
[   769.456] (II) modeset(0): 640x480@67Hz
[   769.456] (II) modeset(0): 640x480@72Hz
[   769.456] (II) modeset(0): 640x480@75Hz
[   769.456] (II) modeset(0): 800x600@60Hz
[   769.456] (II) modeset(0): 800x600@75Hz
[   769.456] (II) modeset(0): 1024x768@60Hz
[   769.456] (II) modeset(0): 1024x768@75Hz
[   769.456] (II) modeset(0): 1280x1024@75Hz
[   769.456] (II) modeset(0): Manufacturer's mask: 0
[   769.456] (II) modeset(0): Supported standard timings:
[   769.456] (II) modeset(0): #0: hsize: 1920  vsize 1080  refresh: 60  vid: 49361
[   769.456] (II) modeset(0): #1: hsize: 1680  vsize 1050  refresh: 60  vid: 179
[   769.456] (II) modeset(0): #2: hsize: 1440  vsize 900  refresh: 60  vid: 149
[   769.456] (II) modeset(0): #3: hsize: 1280  vsize 720  refresh: 60  vid: 49281
[   769.456] (II) modeset(0): #4: hsize: 1440  vsize 900  refresh: 75  vid: 3989
[   769.456] (II) modeset(0): #5: hsize: 1280  vsize 1024  refresh: 60  vid: 32897
[   769.456] (II) modeset(0): Supported detailed timing:
[   769.456] (II) modeset(0): clock: 148.5 MHz   Image Size:  521 x 293 mm
[   769.456] (II) modeset(0): h_active: 1920  h_sync: 2008  h_sync_end 2052 h_blank_end 2200 h_border: 0
[   769.456] (II) modeset(0): v_active: 1080  v_sync: 1084  v_sync_end 1089 v_blanking: 1125 v_border: 0
[   769.456] (II) modeset(0): Serial No: ZV02003013862
[   769.456] (II) modeset(0): Monitor name: PHL 243V5
[   769.456] (II) modeset(0): Ranges: V min: 56 V max: 76 Hz, H min: 30 H max: 83 kHz, PixClock max 175 MHz
[   769.456] (II) modeset(0): EDID (in hex):
[   769.456] (II) modeset(0): 	00ffffffffffff00410cd1c026360000
[   769.456] (II) modeset(0): 	031e010380341d782a2ac5a4564f9e28
[   769.456] (II) modeset(0): 	0f5054bd4b00d1c0b300950081c0950f
[   769.456] (II) modeset(0): 	818001010101023a801871382d40582c
[   769.456] (II) modeset(0): 	450009252100001e000000ff005a5630
[   769.456] (II) modeset(0): 	32303033303133383632000000fc0050
[   769.456] (II) modeset(0): 	484c2032343356350a202020000000fd
[   769.456] (II) modeset(0): 	00384c1e5311000a2020202020200065
[   769.456] (II) modeset(0): Not using default mode "1440x810" (bad mode clock/interlace/doublescan)
[   769.456] (II) modeset(0): Not using default mode "1600x900" (bad mode clock/interlace/doublescan)
[   769.456] (II) modeset(0): Not using default mode "1600x900" (bad mode clock/interlace/doublescan)
[   769.456] (II) modeset(0): Not using default mode "1920x1080" (bad mode clock/interlace/doublescan)
[   769.456] (II) modeset(0): Printing probed modes for output DVI-D-1
[   769.456] (II) modeset(0): Modeline "1920x1080"x60.0  148.50  1920 2008 2052 2200  1080 1084 1089 1125 +hsync +vsync (67.5 kHz eP)
[   769.456] (II) modeset(0): Modeline "1920x1080"x60.0  173.00  1920 2048 2248 2576  1080 1083 1088 1120 -hsync +vsync (67.2 kHz d)
[   769.456] (II) modeset(0): Modeline "1920x1080"x59.9  138.50  1920 1968 2000 2080  1080 1083 1088 1111 +hsync -vsync (66.6 kHz d)
[   769.456] (II) modeset(0): Modeline "1680x1050"x60.0  146.25  1680 1784 1960 2240  1050 1053 1059 1089 -hsync +vsync (65.3 kHz d)
[   769.456] (II) modeset(0): Modeline "1680x1050"x59.9  119.00  1680 1728 1760 1840  1050 1053 1059 1080 +hsync -vsync (64.7 kHz e)
[   769.456] (II) modeset(0): Modeline "1400x1050"x74.8  155.80  1400 1464 1784 1912  1050 1052 1064 1090 +hsync +vsync (81.5 kHz d)
[   769.456] (II) modeset(0): Modeline "1400x1050"x60.0  122.00  1400 1488 1640 1880  1050 1052 1064 1082 +hsync +vsync (64.9 kHz d)
[   769.456] (II) modeset(0): Modeline "1600x900"x59.9  118.25  1600 1696 1856 2112  900 903 908 934 -hsync +vsync (56.0 kHz d)
[   769.456] (II) modeset(0): Modeline "1600x900"x59.8   97.50  1600 1648 1680 1760  900 903 908 926 +hsync -vsync (55.4 kHz d)
[   769.456] (II) modeset(0): Modeline "1280x1024"x75.0  135.00  1280 1296 1440 1688  1024 1025 1028 1066 +hsync +vsync (80.0 kHz e)
[   769.456] (II) modeset(0): Modeline "1280x1024"x60.0  108.00  1280 1328 1440 1688  1024 1025 1028 1066 +hsync +vsync (64.0 kHz e)
[   769.456] (II) modeset(0): Modeline "1440x900"x75.0  136.75  1440 1536 1688 1936  900 903 909 942 -hsync +vsync (70.6 kHz e)
[   769.456] (II) modeset(0): Modeline "1440x900"x59.9   88.75  1440 1488 1520 1600  900 903 909 926 +hsync -vsync (55.5 kHz e)
[   769.456] (II) modeset(0): Modeline "1400x900"x60.0  103.50  1400 1480 1624 1848  900 903 913 934 -hsync +vsync (56.0 kHz d)
[   769.456] (II) modeset(0): Modeline "1400x900"x59.9   86.50  1400 1448 1480 1560  900 903 913 926 +hsync -vsync (55.4 kHz d)
[   769.456] (II) modeset(0): Modeline "1280x960"x60.0  108.00  1280 1376 1488 1800  960 961 964 1000 +hsync +vsync (60.0 kHz d)
[   769.456] (II) modeset(0): Modeline "1440x810"x60.0  151.88  1440 1464 1480 1520  810 811 814 833 doublescan +hsync -vsync (99.9 kHz d)
[   769.456] (II) modeset(0): Modeline "1368x768"x59.9   85.25  1368 1440 1576 1784  768 771 781 798 -hsync +vsync (47.8 kHz d)
[   769.456] (II) modeset(0): Modeline "1368x768"x59.9   72.25  1368 1416 1448 1528  768 771 781 790 +hsync -vsync (47.3 kHz d)
[   769.456] (II) modeset(0): Modeline "1280x800"x60.0  174.25  1280 1380 1516 1752  800 801 804 829 doublescan -hsync +vsync (99.5 kHz d)
[   769.456] (II) modeset(0): Modeline "1280x800"x60.0  134.25  1280 1304 1320 1360  800 801 804 823 doublescan +hsync -vsync (98.7 kHz d)
[   769.456] (II) modeset(0): Modeline "1280x800"x59.8   83.50  1280 1352 1480 1680  800 803 809 831 -hsync +vsync (49.7 kHz d)
[   769.456] (II) modeset(0): Modeline "1280x800"x59.9   71.00  1280 1328 1360 1440  800 803 809 823 +hsync -vsync (49.3 kHz d)
[   769.456] (II) modeset(0): Modeline "1152x864"x75.0  108.00  1152 1216 1344 1600  864 865 868 900 +hsync +vsync (67.5 kHz d)
[   769.456] (II) modeset(0): Modeline "1280x720"x60.0  156.12  1280 1376 1512 1744  720 721 724 746 doublescan -hsync +vsync (89.5 kHz d)
[   769.456] (II) modeset(0): Modeline "1280x720"x60.0  120.75  1280 1304 1320 1360  720 721 724 740 doublescan +hsync -vsync (88.8 kHz d)
[   769.456] (II) modeset(0): Modeline "1280x720"x59.9   74.50  1280 1344 1472 1664  720 723 728 748 -hsync +vsync (44.8 kHz d)
[   769.456] (II) modeset(0): Modeline "1280x720"x60.0   74.25  1280 1390 1430 1650  720 725 730 750 +hsync +vsync (45.0 kHz e)
[   769.456] (II) modeset(0): Modeline "1280x720"x59.7   63.75  1280 1328 1360 1440  720 723 728 741 +hsync -vsync (44.3 kHz d)
[   769.456] (II) modeset(0): Modeline "1024x768"x75.0  170.24  1024 1108 1220 1416  768 768 770 801 doublescan -hsync +vsync (120.2 kHz d)
[   769.456] (II) modeset(0): Modeline "1024x768"x60.0  133.47  1024 1100 1212 1400  768 768 770 794 doublescan -hsync +vsync (95.3 kHz d)
[   769.456] (II) modeset(0): Modeline "1024x768"x75.0   78.75  1024 1040 1136 1312  768 769 772 800 +hsync +vsync (60.0 kHz e)
[   769.456] (II) modeset(0): Modeline "1024x768"x70.1   75.00  1024 1048 1184 1328  768 771 777 806 -hsync -vsync (56.5 kHz d)
[   769.456] (II) modeset(0): Modeline "1024x768"x60.0   65.00  1024 1048 1184 1344  768 771 777 806 -hsync -vsync (48.4 kHz e)
[   769.456] (II) modeset(0): Modeline "960x720"x75.0  148.50  960 1032 1144 1320  720 720 722 750 doublescan -hsync +vsync (112.5 kHz d)
[   769.456] (II) modeset(0): Modeline "960x720"x60.0  117.00  960 1024 1128 1300  720 720 722 750 doublescan -hsync +vsync (90.0 kHz d)
[   769.456] (II) modeset(0): Modeline "928x696"x75.0  144.00  928 992 1104 1280  696 696 698 750 doublescan -hsync +vsync (112.5 kHz d)
[   769.456] (II) modeset(0): Modeline "928x696"x60.1  109.15  928 976 1088 1264  696 696 698 719 doublescan -hsync +vsync (86.4 kHz d)
[   769.456] (II) modeset(0): Modeline "896x672"x75.0  130.50  896 944 1052 1228  672 672 674 708 doublescan -hsync +vsync (106.3 kHz d)
[   769.456] (II) modeset(0): Modeline "896x672"x60.0  102.40  896 960 1060 1224  672 672 674 697 doublescan -hsync +vsync (83.7 kHz d)
[   769.456] (II) modeset(0): Modeline "1024x576"x60.0   98.50  1024 1092 1200 1376  576 577 580 597 doublescan -hsync +vsync (71.6 kHz d)
[   769.456] (II) modeset(0): Modeline "1024x576"x60.0   78.38  1024 1048 1064 1104  576 577 580 592 doublescan +hsync -vsync (71.0 kHz d)
[   769.456] (II) modeset(0): Modeline "1024x576"x59.9   46.50  1024 1064 1160 1296  576 579 584 599 -hsync +vsync (35.9 kHz d)
[   769.456] (II) modeset(0): Modeline "1024x576"x59.8   42.00  1024 1072 1104 1184  576 579 584 593 +hsync -vsync (35.5 kHz d)
[   769.456] (II) modeset(0): Modeline "960x600"x59.9   96.62  960 1028 1128 1296  600 601 604 622 doublescan -hsync +vsync (74.6 kHz d)
[   769.456] (II) modeset(0): Modeline "960x600"x60.0   77.00  960 984 1000 1040  600 601 604 617 doublescan +hsync -vsync (74.0 kHz d)
[   769.456] (II) modeset(0): Modeline "832x624"x74.6   57.28  832 864 928 1152  624 625 628 667 -hsync -vsync (49.7 kHz d)
[   769.456] (II) modeset(0): Modeline "960x540"x60.0   86.50  960 1024 1124 1288  540 541 544 560 doublescan -hsync +vsync (67.2 kHz d)
[   769.456] (II) modeset(0): Modeline "960x540"x60.0   69.25  960 984 1000 1040  540 541 544 555 doublescan +hsync -vsync (66.6 kHz d)
[   769.456] (II) modeset(0): Modeline "960x540"x59.6   40.75  960 992 1088 1216  540 543 548 562 -hsync +vsync (33.5 kHz d)
[   769.456] (II) modeset(0): Modeline "960x540"x59.8   37.25  960 1008 1040 1120  540 543 548 556 +hsync -vsync (33.3 kHz d)
[   769.456] (II) modeset(0): Modeline "800x600"x75.0  101.25  800 832 928 1080  600 600 602 625 doublescan +hsync +vsync (93.8 kHz d)
[   769.456] (II) modeset(0): Modeline "800x600"x70.0   94.50  800 832 928 1080  600 600 602 625 doublescan +hsync +vsync (87.5 kHz d)
[   769.456] (II) modeset(0): Modeline "800x600"x65.0   87.75  800 832 928 1080  600 600 602 625 doublescan +hsync +vsync (81.2 kHz d)
[   769.456] (II) modeset(0): Modeline "800x600"x60.0   81.00  800 832 928 1080  600 600 602 625 doublescan +hsync +vsync (75.0 kHz d)
[   769.456] (II) modeset(0): Modeline "800x600"x72.2   50.00  800 856 976 1040  600 637 643 666 +hsync +vsync (48.1 kHz d)
[   769.456] (II) modeset(0): Modeline "800x600"x75.0   49.50  800 816 896 1056  600 601 604 625 +hsync +vsync (46.9 kHz e)
[   769.456] (II) modeset(0): Modeline "800x600"x60.3   40.00  800 840 968 1056  600 601 605 628 +hsync +vsync (37.9 kHz e)
[   769.456] (II) modeset(0): Modeline "800x600"x56.2   36.00  800 824 896 1024  600 601 603 625 +hsync +vsync (35.2 kHz d)
[   769.456] (II) modeset(0): Modeline "840x525"x60.0   73.12  840 892 980 1120  525 526 529 544 doublescan -hsync +vsync (65.3 kHz d)
[   769.456] (II) modeset(0): Modeline "840x525"x59.9   59.50  840 864 880 920  525 526 529 540 doublescan +hsync -vsync (64.7 kHz d)
[   769.456] (II) modeset(0): Modeline "864x486"x59.9   32.50  864 888 968 1072  486 489 494 506 -hsync +vsync (30.3 kHz d)
[   769.456] (II) modeset(0): Modeline "864x486"x59.6   30.50  864 912 944 1024  486 489 494 500 +hsync -vsync (29.8 kHz d)
[   769.456] (II) modeset(0): Modeline "700x525"x74.8   77.90  700 732 892 956  525 526 532 545 doublescan +hsync +vsync (81.5 kHz d)
[   769.456] (II) modeset(0): Modeline "700x525"x60.0   61.00  700 744 820 940  525 526 532 541 doublescan +hsync +vsync (64.9 kHz d)
[   769.456] (II) modeset(0): Modeline "800x450"x59.9   59.12  800 848 928 1056  450 451 454 467 doublescan -hsync +vsync (56.0 kHz d)
[   769.456] (II) modeset(0): Modeline "800x450"x59.8   48.75  800 824 840 880  450 451 454 463 doublescan +hsync -vsync (55.4 kHz d)
[   769.456] (II) modeset(0): Modeline "640x512"x75.0   67.50  640 648 720 844  512 512 514 533 doublescan +hsync +vsync (80.0 kHz d)
[   769.457] (II) modeset(0): Modeline "640x512"x60.0   54.00  640 664 720 844  512 512 514 533 doublescan +hsync +vsync (64.0 kHz d)
[   769.457] (II) modeset(0): Modeline "700x450"x60.0   51.75  700 740 812 924  450 451 456 467 doublescan -hsync +vsync (56.0 kHz d)
[   769.457] (II) modeset(0): Modeline "700x450"x59.9   43.25  700 724 740 780  450 451 456 463 doublescan +hsync -vsync (55.4 kHz d)
[   769.457] (II) modeset(0): Modeline "640x480"x60.0   54.00  640 688 744 900  480 480 482 500 doublescan +hsync +vsync (60.0 kHz d)
[   769.457] (II) modeset(0): Modeline "640x480"x75.0   31.50  640 656 720 840  480 481 484 500 -hsync -vsync (37.5 kHz e)
[   769.457] (II) modeset(0): Modeline "640x480"x72.8   31.50  640 664 704 832  480 489 492 520 -hsync -vsync (37.9 kHz e)
[   769.457] (II) modeset(0): Modeline "640x480"x75.0   31.50  640 656 720 840  480 481 484 500 -hsync -vsync (37.5 kHz d)
[   769.457] (II) modeset(0): Modeline "640x480"x66.7   30.24  640 704 768 864  480 483 486 525 -hsync -vsync (35.0 kHz e)
[   769.457] (II) modeset(0): Modeline "640x480"x59.9   25.18  640 656 752 800  480 490 492 525 -hsync -vsync (31.5 kHz e)
[   769.457] (II) modeset(0): Modeline "720x405"x59.5   22.50  720 744 808 896  405 408 413 422 -hsync +vsync (25.1 kHz d)
[   769.457] (II) modeset(0): Modeline "720x405"x59.0   21.75  720 768 800 880  405 408 413 419 +hsync -vsync (24.7 kHz d)
[   769.457] (II) modeset(0): Modeline "720x400"x70.1   28.32  720 738 846 900  400 412 414 449 -hsync +vsync (31.5 kHz e)
[   769.457] (II) modeset(0): Modeline "684x384"x59.9   42.62  684 720 788 892  384 385 390 399 doublescan -hsync +vsync (47.8 kHz d)
[   769.457] (II) modeset(0): Modeline "684x384"x59.9   36.12  684 708 724 764  384 385 390 395 doublescan +hsync -vsync (47.3 kHz d)
[   769.457] (II) modeset(0): Modeline "640x400"x59.9   41.75  640 676 740 840  400 401 404 415 doublescan -hsync +vsync (49.7 kHz d)
[   769.457] (II) modeset(0): Modeline "640x400"x60.0   35.50  640 664 680 720  400 401 404 411 doublescan +hsync -vsync (49.3 kHz d)
[   769.457] (II) modeset(0): Modeline "576x432"x75.0   54.00  576 608 672 800  432 432 434 450 doublescan +hsync +vsync (67.5 kHz d)
[   769.457] (II) modeset(0): Modeline "640x360"x59.9   37.25  640 672 736 832  360 361 364 374 doublescan -hsync +vsync (44.8 kHz d)
[   769.457] (II) modeset(0): Modeline "640x360"x59.8   31.88  640 664 680 720  360 361 364 370 doublescan +hsync -vsync (44.3 kHz d)
[   769.457] (II) modeset(0): Modeline "640x360"x59.8   18.00  640 664 720 800  360 363 368 376 -hsync +vsync (22.5 kHz d)
[   769.457] (II) modeset(0): Modeline "640x360"x59.3   17.75  640 688 720 800  360 363 368 374 +hsync -vsync (22.2 kHz d)
[   769.457] (II) modeset(0): Modeline "512x384"x75.0   39.38  512 520 568 656  384 384 386 400 doublescan +hsync +vsync (60.0 kHz d)
[   769.457] (II) modeset(0): Modeline "512x384"x70.1   37.50  512 524 592 664  384 385 388 403 doublescan -hsync -vsync (56.5 kHz d)
[   769.457] (II) modeset(0): Modeline "512x384"x60.0   32.50  512 524 592 672  384 385 388 403 doublescan -hsync -vsync (48.4 kHz d)
[   769.457] (II) modeset(0): Modeline "512x288"x60.0   23.25  512 532 580 648  288 289 292 299 doublescan -hsync +vsync (35.9 kHz d)
[   769.457] (II) modeset(0): Modeline "512x288"x59.9   21.00  512 536 552 592  288 289 292 296 doublescan +hsync -vsync (35.5 kHz d)
[   769.457] (II) modeset(0): Modeline "416x312"x74.7   28.64  416 432 464 576  312 312 314 333 doublescan -hsync -vsync (49.7 kHz d)
[   769.457] (II) modeset(0): Modeline "480x270"x59.6   20.38  480 496 544 608  270 271 274 281 doublescan -hsync +vsync (33.5 kHz d)
[   769.457] (II) modeset(0): Modeline "480x270"x59.8   18.62  480 504 520 560  270 271 274 278 doublescan +hsync -vsync (33.3 kHz d)
[   769.457] (II) modeset(0): Modeline "400x300"x72.2   25.00  400 428 488 520  300 318 321 333 doublescan +hsync +vsync (48.1 kHz d)
[   769.457] (II) modeset(0): Modeline "400x300"x75.1   24.75  400 408 448 528  300 300 302 312 doublescan +hsync +vsync (46.9 kHz d)
[   769.457] (II) modeset(0): Modeline "400x300"x60.3   20.00  400 420 484 528  300 300 302 314 doublescan +hsync +vsync (37.9 kHz d)
[   769.457] (II) modeset(0): Modeline "400x300"x56.3   18.00  400 412 448 512  300 300 301 312 doublescan +hsync +vsync (35.2 kHz d)
[   769.457] (II) modeset(0): Modeline "432x243"x59.9   16.25  432 444 484 536  243 244 247 253 doublescan -hsync +vsync (30.3 kHz d)
[   769.457] (II) modeset(0): Modeline "432x243"x59.6   15.25  432 456 472 512  243 244 247 250 doublescan +hsync -vsync (29.8 kHz d)
[   769.457] (II) modeset(0): Modeline "320x240"x72.8   15.75  320 332 352 416  240 244 246 260 doublescan -hsync -vsync (37.9 kHz d)
[   769.457] (II) modeset(0): Modeline "320x240"x75.0   15.75  320 328 360 420  240 240 242 250 doublescan -hsync -vsync (37.5 kHz d)
[   769.457] (II) modeset(0): Modeline "320x240"x60.1   12.59  320 328 376 400  240 245 246 262 doublescan -hsync -vsync (31.5 kHz d)
[   769.457] (II) modeset(0): Modeline "360x202"x59.5   11.25  360 372 404 448  202 204 206 211 doublescan -hsync +vsync (25.1 kHz d)
[   769.457] (II) modeset(0): Modeline "360x202"x59.1   10.88  360 384 400 440  202 204 206 209 doublescan +hsync -vsync (24.7 kHz d)
[   769.457] (II) modeset(0): Modeline "320x180"x59.8    9.00  320 332 360 400  180 181 184 188 doublescan -hsync +vsync (22.5 kHz d)
[   769.457] (II) modeset(0): Modeline "320x180"x59.3    8.88  320 344 360 400  180 181 184 187 doublescan +hsync -vsync (22.2 kHz d)
[   769.458] (II) modeset(0): EDID for output HDMI-1
[   769.511] (II) modeset(0): EDID for output DP-1
[   769.511] (II) modeset(0): Output DVI-D-1 connected
[   769.511] (II) modeset(0): Output HDMI-1 disconnected
[   769.511] (II) modeset(0): Output DP-1 disconnected
[   769.511] (II) modeset(0): Using exact sizes for initial modes
[   769.511] (II) modeset(0): Output DVI-D-1 using initial mode 1920x1080 +0+0
[   769.511] (==) modeset(0): Using gamma correction (1.0, 1.0, 1.0)
[   769.511] (==) modeset(0): DPI set to (96, 96)
[   769.511] (II) Loading sub module "fb"
[   769.511] (II) LoadModule: "fb"
[   769.511] (II) Loading /usr/lib/xorg/modules/libfb.so
[   769.511] (II) Module fb: vendor="X.Org Foundation"
[   769.511] 	compiled for 1.20.10, module version = 1.0.0
[   769.511] 	ABI class: X.Org ANSI C Emulation, version 0.4
[   769.511] (II) UnloadModule: "vesa"
[   769.511] (II) Unloading vesa
[   769.547] (==) modeset(0): Backing store enabled
[   769.547] (==) modeset(0): Silken mouse disabled
[   769.553] (II) modeset(0): Initializing kms color map for depth 24, 8 bpc.
[   769.553] (==) modeset(0): DPMS enabled
[   769.553] (II) modeset(0): [DRI2] Setup complete
[   769.553] (II) modeset(0): [DRI2]   DRI driver: nouveau
[   769.553] (II) modeset(0): [DRI2]   VDPAU driver: nouveau
[   769.553] (II) Initializing extension Generic Event Extension
[   769.553] (II) Initializing extension SHAPE
[   769.553] (II) Initializing extension MIT-SHM
[   769.553] (II) Initializing extension XInputExtension
[   769.553] (II) Initializing extension XTEST
[   769.553] (II) Initializing extension BIG-REQUESTS
[   769.553] (II) Initializing extension SYNC
[   769.553] (II) Initializing extension XKEYBOARD
[   769.553] (II) Initializing extension XC-MISC
[   769.553] (II) Initializing extension SECURITY
[   769.553] (II) Initializing extension XFIXES
[   769.553] (II) Initializing extension RENDER
[   769.553] (II) Initializing extension RANDR
[   769.553] (II) Initializing extension COMPOSITE
[   769.553] (II) Initializing extension DAMAGE
[   769.553] (II) Initializing extension MIT-SCREEN-SAVER
[   769.553] (II) Initializing extension DOUBLE-BUFFER
[   769.553] (II) Initializing extension RECORD
[   769.553] (II) Initializing extension DPMS
[   769.553] (II) Initializing extension Present
[   769.553] (II) Initializing extension DRI3
[   769.553] (II) Initializing extension X-Resource
[   769.553] (II) Initializing extension XVideo
[   769.553] (II) Initializing extension XVideo-MotionCompensation
[   769.553] (II) Initializing extension GLX
[   769.555] (II) AIGLX: Loaded and initialized nouveau
[   769.555] (II) GLX: Initialized DRI2 GL provider for screen 0
[   769.555] (II) Initializing extension XFree86-VidModeExtension
[   769.555] (II) Initializing extension XFree86-DGA
[   769.555] (II) Initializing extension XFree86-DRI
[   769.555] (II) Initializing extension DRI2
[   769.556] (II) modeset(0): Damage tracking initialized
[   769.556] (II) modeset(0): Setting screen physical size to 508 x 285
[   769.608] (II) config/udev: Adding input device Power Button (/dev/input/event2)
[   769.608] (**) Power Button: Applying InputClass "libinput keyboard catchall"
[   769.608] (II) LoadModule: "libinput"
[   769.608] (II) Loading /usr/lib/xorg/modules/input/libinput_drv.so
[   769.609] (II) Module libinput: vendor="X.Org Foundation"
[   769.609] 	compiled for 1.20.8, module version = 0.30.0
[   769.609] 	Module class: X.Org XInput Driver
[   769.609] 	ABI class: X.Org XInput driver, version 24.1
[   769.609] (II) Using input driver 'libinput' for 'Power Button'
[   769.610] (II) systemd-logind: got fd for /dev/input/event2 13:66 fd 17 paused 0
[   769.610] (**) Power Button: always reports core events
[   769.610] (**) Option "Device" "/dev/input/event2"
[   769.610] (**) Option "_source" "server/udev"
[   769.611] (II) event2  - Power Button: is tagged by udev as: Keyboard
[   769.611] (II) event2  - Power Button: device is a keyboard
[   769.611] (II) event2  - Power Button: device removed
[   769.611] (**) Option "config_info" "udev:/sys/devices/LNXSYSTM:00/LNXPWRBN:00/input/input2/event2"
[   769.611] (II) XINPUT: Adding extended input device "Power Button" (type: KEYBOARD, id 6)
[   769.612] (II) event2  - Power Button: is tagged by udev as: Keyboard
[   769.612] (II) event2  - Power Button: device is a keyboard
[   769.612] (II) config/udev: Adding input device Power Button (/dev/input/event1)
[   769.612] (**) Power Button: Applying InputClass "libinput keyboard catchall"
[   769.612] (II) Using input driver 'libinput' for 'Power Button'
[   769.613] (II) systemd-logind: got fd for /dev/input/event1 13:65 fd 20 paused 0
[   769.613] (**) Power Button: always reports core events
[   769.613] (**) Option "Device" "/dev/input/event1"
[   769.613] (**) Option "_source" "server/udev"
[   769.614] (II) event1  - Power Button: is tagged by udev as: Keyboard
[   769.614] (II) event1  - Power Button: device is a keyboard
[   769.614] (II) event1  - Power Button: device removed
[   769.614] (**) Option "config_info" "udev:/sys/devices/LNXSYSTM:00/LNXSYBUS:00/PNP0C0C:00/input/input1/event1"
[   769.614] (II) XINPUT: Adding extended input device "Power Button" (type: KEYBOARD, id 7)
[   769.614] (II) event1  - Power Button: is tagged by udev as: Keyboard
[   769.615] (II) event1  - Power Button: device is a keyboard
[   769.615] (II) config/udev: Adding input device Sleep Button (/dev/input/event0)
[   769.615] (**) Sleep Button: Applying InputClass "libinput keyboard catchall"
[   769.615] (II) Using input driver 'libinput' for 'Sleep Button'
[   769.615] (II) systemd-logind: got fd for /dev/input/event0 13:64 fd 21 paused 0
[   769.616] (**) Sleep Button: always reports core events
[   769.616] (**) Option "Device" "/dev/input/event0"
[   769.616] (**) Option "_source" "server/udev"
[   769.616] (II) event0  - Sleep Button: is tagged by udev as: Keyboard
[   769.616] (II) event0  - Sleep Button: device is a keyboard
[   769.616] (II) event0  - Sleep Button: device removed
[   769.616] (**) Option "config_info" "udev:/sys/devices/LNXSYSTM:00/LNXSYBUS:00/PNP0C0E:00/input/input0/event0"
[   769.616] (II) XINPUT: Adding extended input device "Sleep Button" (type: KEYBOARD, id 8)
[   769.617] (II) event0  - Sleep Button: is tagged by udev as: Keyboard
[   769.617] (II) event0  - Sleep Button: device is a keyboard
[   769.618] (II) config/udev: Adding input device HDA NVidia HDMI/DP,pcm=3 (/dev/input/event10)
[   769.618] (II) No input driver specified, ignoring this device.
[   769.618] (II) This device may have been added with another device file.
[   769.618] (II) config/udev: Adding input device HDA NVidia HDMI/DP,pcm=7 (/dev/input/event11)
[   769.618] (II) No input driver specified, ignoring this device.
[   769.618] (II) This device may have been added with another device file.
[   769.618] (II) config/udev: Adding input device HDA NVidia HDMI/DP,pcm=8 (/dev/input/event12)
[   769.618] (II) No input driver specified, ignoring this device.
[   769.618] (II) This device may have been added with another device file.
[   769.618] (II) config/udev: Adding input device HDA NVidia HDMI/DP,pcm=9 (/dev/input/event13)
[   769.618] (II) No input driver specified, ignoring this device.
[   769.618] (II) This device may have been added with another device file.
[   769.619] (II) config/udev: Adding input device HDA NVidia HDMI/DP,pcm=10 (/dev/input/event14)
[   769.619] (II) No input driver specified, ignoring this device.
[   769.619] (II) This device may have been added with another device file.
[   769.619] (II) config/udev: Adding input device HDA NVidia HDMI/DP,pcm=11 (/dev/input/event15)
[   769.619] (II) No input driver specified, ignoring this device.
[   769.619] (II) This device may have been added with another device file.
[   769.619] (II) config/udev: Adding input device Logitech Wireless Mouse PID:4022 (/dev/input/event6)
[   769.619] (**) Logitech Wireless Mouse PID:4022: Applying InputClass "libinput pointer catchall"
[   769.619] (II) Using input driver 'libinput' for 'Logitech Wireless Mouse PID:4022'
[   769.620] (II) systemd-logind: got fd for /dev/input/event6 13:70 fd 22 paused 0
[   769.620] (**) Logitech Wireless Mouse PID:4022: always reports core events
[   769.620] (**) Option "Device" "/dev/input/event6"
[   769.620] (**) Option "_source" "server/udev"
[   769.621] (II) event6  - Logitech Wireless Mouse PID:4022: is tagged by udev as: Mouse
[   769.621] (II) event6  - Logitech Wireless Mouse PID:4022: device is a pointer
[   769.621] (II) event6  - Logitech Wireless Mouse PID:4022: device removed
[   769.621] (**) Option "config_info" "udev:/sys/devices/pci0000:00/0000:00:14.0/usb1/1-5/1-5:1.1/0003:046D:C534.0002/0003:046D:4022.0007/input/input43/event6"
[   769.622] (II) XINPUT: Adding extended input device "Logitech Wireless Mouse PID:4022" (type: MOUSE, id 9)
[   769.622] (**) Option "AccelerationScheme" "none"
[   769.622] (**) Logitech Wireless Mouse PID:4022: (accel) selected scheme none/0
[   769.622] (**) Logitech Wireless Mouse PID:4022: (accel) acceleration factor: 2.000
[   769.622] (**) Logitech Wireless Mouse PID:4022: (accel) acceleration threshold: 4
[   769.623] (II) event6  - Logitech Wireless Mouse PID:4022: is tagged by udev as: Mouse
[   769.623] (II) event6  - Logitech Wireless Mouse PID:4022: device is a pointer
[   769.623] (II) config/udev: Adding input device Logitech Wireless Mouse PID:4022 (/dev/input/mouse0)
[   769.623] (II) No input driver specified, ignoring this device.
[   769.623] (II) This device may have been added with another device file.
[   769.624] (II) config/udev: Adding input device Logitech Wireless Keyboard PID:4023 (/dev/input/event5)
[   769.624] (**) Logitech Wireless Keyboard PID:4023: Applying InputClass "libinput keyboard catchall"
[   769.624] (II) Using input driver 'libinput' for 'Logitech Wireless Keyboard PID:4023'
[   769.625] (II) systemd-logind: got fd for /dev/input/event5 13:69 fd 23 paused 0
[   769.625] (**) Logitech Wireless Keyboard PID:4023: always reports core events
[   769.625] (**) Option "Device" "/dev/input/event5"
[   769.625] (**) Option "_source" "server/udev"
[   769.626] (II) event5  - Logitech Wireless Keyboard PID:4023: is tagged by udev as: Keyboard
[   769.626] (II) event5  - Logitech Wireless Keyboard PID:4023: device is a keyboard
[   769.626] (II) event5  - Logitech Wireless Keyboard PID:4023: device removed
[   769.626] (II) libinput: Logitech Wireless Keyboard PID:4023: needs a virtual subdevice
[   769.626] (**) Option "config_info" "udev:/sys/devices/pci0000:00/0000:00:14.0/usb1/1-5/1-5:1.1/0003:046D:C534.0002/0003:046D:4023.0006/input/input42/event5"
[   769.626] (II) XINPUT: Adding extended input device "Logitech Wireless Keyboard PID:4023" (type: MOUSE, id 10)
[   769.626] (**) Option "AccelerationScheme" "none"
[   769.626] (**) Logitech Wireless Keyboard PID:4023: (accel) selected scheme none/0
[   769.626] (**) Logitech Wireless Keyboard PID:4023: (accel) acceleration factor: 2.000
[   769.626] (**) Logitech Wireless Keyboard PID:4023: (accel) acceleration threshold: 4
[   769.627] (II) event5  - Logitech Wireless Keyboard PID:4023: is tagged by udev as: Keyboard
[   769.627] (II) event5  - Logitech Wireless Keyboard PID:4023: device is a keyboard
[   769.628] (II) config/udev: Adding input device Logitech M705 (/dev/input/event7)
[   769.628] (**) Logitech M705: Applying InputClass "libinput pointer catchall"
[   769.628] (II) Using input driver 'libinput' for 'Logitech M705'
[   769.629] (II) systemd-logind: got fd for /dev/input/event7 13:71 fd 24 paused 0
[   769.629] (**) Logitech M705: always reports core events
[   769.629] (**) Option "Device" "/dev/input/event7"
[   769.629] (**) Option "_source" "server/udev"
[   769.630] (II) event7  - Logitech M705: is tagged by udev as: Mouse
[   769.630] (II) event7  - Logitech M705: device set to 1000 DPI
[   769.630] (II) event7  - Logitech M705: device is a pointer
[   769.630] (II) event7  - Logitech M705: device removed
[   769.630] (**) Option "config_info" "udev:/sys/devices/pci0000:00/0000:00:14.0/usb1/1-6/1-6:1.2/0003:046D:C52B.0005/0003:046D:101B.0008/input/input44/event7"
[   769.630] (II) XINPUT: Adding extended input device "Logitech M705" (type: MOUSE, id 11)
[   769.630] (**) Option "AccelerationScheme" "none"
[   769.630] (**) Logitech M705: (accel) selected scheme none/0
[   769.630] (**) Logitech M705: (accel) acceleration factor: 2.000
[   769.630] (**) Logitech M705: (accel) acceleration threshold: 4
[   769.632] (II) event7  - Logitech M705: is tagged by udev as: Mouse
[   769.632] (II) event7  - Logitech M705: device set to 1000 DPI
[   769.632] (II) event7  - Logitech M705: device is a pointer
[   769.632] (II) config/udev: Adding input device Logitech M705 (/dev/input/mouse1)
[   769.632] (II) No input driver specified, ignoring this device.
[   769.632] (II) This device may have been added with another device file.
[   769.633] (II) config/udev: Adding input device HDA Intel PCH Front Mic (/dev/input/event18)
[   769.633] (II) No input driver specified, ignoring this device.
[   769.633] (II) This device may have been added with another device file.
[   769.633] (II) config/udev: Adding input device HDA Intel PCH Rear Mic (/dev/input/event20)
[   769.633] (II) No input driver specified, ignoring this device.
[   769.633] (II) This device may have been added with another device file.
[   769.633] (II) config/udev: Adding input device HDA Intel PCH Line (/dev/input/event21)
[   769.633] (II) No input driver specified, ignoring this device.
[   769.633] (II) This device may have been added with another device file.
[   769.633] (II) config/udev: Adding input device HDA Intel PCH Line Out (/dev/input/event22)
[   769.633] (II) No input driver specified, ignoring this device.
[   769.633] (II) This device may have been added with another device file.
[   769.634] (II) config/udev: Adding input device HDA Intel PCH Front Headphone (/dev/input/event23)
[   769.634] (II) No input driver specified, ignoring this device.
[   769.634] (II) This device may have been added with another device file.
[   769.634] (II) config/udev: Adding input device Eee PC WMI hotkeys (/dev/input/event4)
[   769.634] (**) Eee PC WMI hotkeys: Applying InputClass "libinput keyboard catchall"
[   769.634] (II) Using input driver 'libinput' for 'Eee PC WMI hotkeys'
[   769.634] (II) systemd-logind: got fd for /dev/input/event4 13:68 fd 25 paused 0
[   769.634] (**) Eee PC WMI hotkeys: always reports core events
[   769.634] (**) Option "Device" "/dev/input/event4"
[   769.634] (**) Option "_source" "server/udev"
[   769.635] (II) event4  - Eee PC WMI hotkeys: is tagged by udev as: Keyboard
[   769.635] (II) event4  - Eee PC WMI hotkeys: device is a keyboard
[   769.635] (II) event4  - Eee PC WMI hotkeys: device removed
[   769.635] (**) Option "config_info" "udev:/sys/devices/platform/eeepc-wmi/input/input4/event4"
[   769.635] (II) XINPUT: Adding extended input device "Eee PC WMI hotkeys" (type: KEYBOARD, id 12)
[   769.636] (II) event4  - Eee PC WMI hotkeys: is tagged by udev as: Keyboard
[   769.636] (II) event4  - Eee PC WMI hotkeys: device is a keyboard
[   769.636] (II) config/udev: Adding input device PC Speaker (/dev/input/event3)
[   769.636] (II) No input driver specified, ignoring this device.
[   769.636] (II) This device may have been added with another device file.
[   769.640] (**) Logitech Wireless Keyboard PID:4023: Applying InputClass "libinput keyboard catchall"
[   769.640] (II) Using input driver 'libinput' for 'Logitech Wireless Keyboard PID:4023'
[   769.640] (II) systemd-logind: returning pre-existing fd for /dev/input/event5 13:69
[   769.640] (**) Logitech Wireless Keyboard PID:4023: always reports core events
[   769.640] (**) Option "Device" "/dev/input/event5"
[   769.640] (**) Option "_source" "_driver/libinput"
[   769.640] (II) libinput: Logitech Wireless Keyboard PID:4023: is a virtual subdevice
[   769.640] (**) Option "config_info" "udev:/sys/devices/pci0000:00/0000:00:14.0/usb1/1-5/1-5:1.1/0003:046D:C534.0002/0003:046D:4023.0006/input/input42/event5"
[   769.640] (II) XINPUT: Adding extended input device "Logitech Wireless Keyboard PID:4023" (type: KEYBOARD, id 13)
[   769.693] (II) modeset(0): Disabling kernel dirty updates, not required.
[   803.444] (II) event7  - Logitech M705: Enabling spurious button debouncing, see https://wayland.freedesktop.org/libinput/doc/1.16.4/button-debouncing.html for details
[   806.106] (**) Option "fd" "17"
[   806.106] (II) event2  - Power Button: device removed
[   806.106] (**) Option "fd" "20"
[   806.106] (II) event1  - Power Button: device removed
[   806.106] (**) Option "fd" "21"
[   806.106] (II) event0  - Sleep Button: device removed
[   806.106] (**) Option "fd" "22"
[   806.106] (II) event6  - Logitech Wireless Mouse PID:4022: device removed
[   806.106] (**) Option "fd" "23"
[   806.106] (**) Option "fd" "24"
[   806.106] (II) event7  - Logitech M705: device removed
[   806.107] (**) Option "fd" "25"
[   806.107] (II) event4  - Eee PC WMI hotkeys: device removed
[   806.107] (**) Option "fd" "23"
[   806.107] (II) event5  - Logitech Wireless Keyboard PID:4023: device removed
[   806.107] (II) UnloadModule: "libinput"
[   806.107] (II) systemd-logind: not releasing fd for 13:69, still in use
[   806.107] (II) UnloadModule: "libinput"
[   806.107] (II) systemd-logind: releasing fd for 13:68
[   806.125] (II) UnloadModule: "libinput"
[   806.125] (II) systemd-logind: releasing fd for 13:71
[   806.149] (II) UnloadModule: "libinput"
[   806.149] (II) systemd-logind: releasing fd for 13:69
[   806.155] (II) UnloadModule: "libinput"
[   806.155] (II) systemd-logind: releasing fd for 13:70
[   806.177] (II) UnloadModule: "libinput"
[   806.177] (II) systemd-logind: releasing fd for 13:64
[   806.177] (II) UnloadModule: "libinput"
[   806.177] (II) systemd-logind: releasing fd for 13:65
[   806.178] (II) UnloadModule: "libinput"
[   806.178] (II) systemd-logind: releasing fd for 13:66
[   806.179] (WW) xf86CloseConsole: KDSETMODE failed: Input/output error
[   806.179] (WW) xf86CloseConsole: VT_GETMODE failed: Input/output error
[   806.179] (WW) xf86CloseConsole: VT_ACTIVATE failed: Input/output error
[   806.180] (II) Server terminated successfully (0). Closing log file.
