00:00:00.000101 main     VirtualBox XPCOM Server 6.1.18 r142142 linux.amd64 (Jan 20 2021 06:48:10) release log
00:00:00.000102 main     Log opened 2021-02-06T22:08:35.013640000Z
00:00:00.000102 main     Build Type: release
00:00:00.000104 main     OS Product: Linux
00:00:00.000104 main     OS Release: 5.10.13-arch1-1
00:00:00.000105 main     OS Version: #1 SMP PREEMPT Wed, 03 Feb 2021 23:44:07 +0000
00:00:00.000117 main     DMI Product Name: System Product Name
00:00:00.000122 main     DMI Product Version: System Version
00:00:00.000125 main     Firmware type: UEFI
00:00:00.000929 main     Secure Boot: Disabled
00:00:00.000952 main     Host RAM: 15920MB (15.5GB) total, 13153MB (12.8GB) available
00:00:00.000954 main     Executable: /usr/lib/virtualbox/VBoxSVC
00:00:00.000954 main     Process ID: 24054
00:00:00.000955 main     Package type: LINUX_64BITS_GENERIC (OSE)
00:00:00.002137 main     IPC socket path: /tmp/.vbox-peershaul-ipc/ipcd
00:00:00.105846 nspr-2   VirtualBox: object creation starts
00:00:00.105885 nspr-2   Home directory: '/home/peershaul/.config/VirtualBox'
00:00:00.106466 nspr-2   HostDnsMonitor: initializing
00:00:00.106698 nspr-2   NAT: resolv.conf: nameserver 192.168.1.1
00:00:00.106711 nspr-2   HostDnsMonitor: updating information
00:00:00.106722 nspr-2   HostDnsMonitor: old information
00:00:00.106724 nspr-2     no server entries
00:00:00.106725 nspr-2     no domain set
00:00:00.106727 nspr-2     no search string entries
00:00:00.106728 nspr-2   HostDnsMonitor: new information
00:00:00.106730 nspr-2     server 1: 192.168.1.1
00:00:00.106732 nspr-2     domain: Home
00:00:00.106733 nspr-2     search string 1: Home
00:00:00.107936 nspr-2   Failed to open "/dev/vboxdrvu", errno=2, rc=VERR_VM_DRIVER_NOT_INSTALLED
00:00:00.108030 nspr-2   VD: VDInit finished with VINF_SUCCESS
00:00:00.108080 nspr-2   ERROR [COM]: aRC=NS_ERROR_FAILURE (0x80004005) aIID={027bc463-929c-40e8-bf16-fea557cd8e7e} aComponent={SystemPropertiesWrap} aText={Cannot determine default Guest Additions ISO location. Most likely they are not available}, preserve=false aResultDetail=0
00:00:00.108404 nspr-2   VirtualBox: object created
00:00:05.561050 nspr-3   Failed to open "/dev/vboxdrvu", errno=2, rc=VERR_VM_DRIVER_NOT_INSTALLED
00:00:05.563611 nspr-3   Failed to open "/dev/vboxdrvu", errno=2, rc=VERR_VM_DRIVER_NOT_INSTALLED
00:00:32.963954 nspr-2   Saving settings file "/home/peershaul/.config/VirtualBox/VirtualBox.xml" with version "1.12-linux"
00:00:33.010756 nspr-2   Failed to open "/dev/vboxdrvu", errno=2, rc=VERR_VM_DRIVER_NOT_INSTALLED
00:00:33.012100 nspr-2   Failed to open "/dev/vboxdrvu", errno=2, rc=VERR_VM_DRIVER_NOT_INSTALLED
00:00:52.744457 nspr-2   Saving settings file "/home/peershaul/.config/VirtualBox/VirtualBox.xml" with version "1.12-linux"
00:00:52.803730 nspr-2   Failed to open "/dev/vboxdrvu", errno=2, rc=VERR_VM_DRIVER_NOT_INSTALLED
00:00:52.806160 nspr-2   Failed to open "/dev/vboxdrvu", errno=2, rc=VERR_VM_DRIVER_NOT_INSTALLED
00:00:54.894717 nspr-2   Saving settings file "/home/peershaul/.config/VirtualBox/VirtualBox.xml" with version "1.12-linux"
00:00:54.954411 nspr-3   Failed to open "/dev/vboxdrvu", errno=2, rc=VERR_VM_DRIVER_NOT_INSTALLED
00:00:54.955932 nspr-3   Failed to open "/dev/vboxdrvu", errno=2, rc=VERR_VM_DRIVER_NOT_INSTALLED
00:01:17.201074 createBase Saving settings file "/home/peershaul/.config/VirtualBox/VirtualBox.xml" with version "1.12-linux"
00:01:17.911760 nspr-4   Saving settings file "/home/peershaul/VirtualBox VMs/debian/debian.vbox" with version "1.16-linux"
00:01:17.981354 nspr-3   WARNING [COM]: aRC=NS_ERROR_FAILURE (0x80004005) aIID={16ced992-5fdc-4aba-aff5-6a39bbd7c38b} aComponent={HostWrap} aText={Could not load the Host USB Proxy service: VERR_NOT_FOUND}, preserve=true  aResultDetail=0
00:01:17.984878 nspr-2   Saving settings file "/home/peershaul/VirtualBox VMs/debian/debian.vbox" with version "1.16-linux"
00:01:18.030965 nspr-2   Saving settings file "/home/peershaul/.config/VirtualBox/VirtualBox.xml" with version "1.12-linux"
00:01:18.091196 nspr-2   Saving settings file "/home/peershaul/.config/VirtualBox/VirtualBox.xml" with version "1.12-linux"
00:01:18.146193 nspr-3   Saving settings file "/home/peershaul/VirtualBox VMs/debian/debian.vbox" with version "1.16-linux"
00:01:18.728594 nspr-3   WARNING [COM]: aRC=NS_ERROR_FAILURE (0x80004005) aIID={16ced992-5fdc-4aba-aff5-6a39bbd7c38b} aComponent={HostWrap} aText={Could not load the Host USB Proxy service: VERR_NOT_FOUND}, preserve=true  aResultDetail=0
00:01:18.750579 nspr-4   Failed to open "/dev/vboxdrvu", errno=2, rc=VERR_VM_DRIVER_NOT_INSTALLED
00:01:18.880146 nspr-4   WARNING [COM]: aRC=NS_ERROR_FAILURE (0x80004005) aIID={16ced992-5fdc-4aba-aff5-6a39bbd7c38b} aComponent={HostWrap} aText={Could not load the Host USB Proxy service: VERR_NOT_FOUND}, preserve=true  aResultDetail=0
00:01:18.880878 nspr-4   WARNING [COM]: aRC=NS_ERROR_FAILURE (0x80004005) aIID={16ced992-5fdc-4aba-aff5-6a39bbd7c38b} aComponent={HostWrap} aText={Could not load the Host USB Proxy service: VERR_NOT_FOUND}, preserve=true  aResultDetail=0
00:01:22.482742 nspr-3   Failed to open "/dev/vboxdrvu", errno=2, rc=VERR_VM_DRIVER_NOT_INSTALLED
00:01:22.571424 nspr-4   WARNING [COM]: aRC=NS_ERROR_FAILURE (0x80004005) aIID={16ced992-5fdc-4aba-aff5-6a39bbd7c38b} aComponent={HostWrap} aText={Could not load the Host USB Proxy service: VERR_NOT_FOUND}, preserve=true  aResultDetail=0
00:01:23.066228 nspr-4   Failed to open "/dev/vboxdrvu", errno=2, rc=VERR_VM_DRIVER_NOT_INSTALLED
00:01:23.066309 nspr-3   Failed to open "/dev/vboxdrvu", errno=2, rc=VERR_VM_DRIVER_NOT_INSTALLED
00:01:23.066376 nspr-4   Failed to open "/dev/vboxdrvu", errno=2, rc=VERR_VM_DRIVER_NOT_INSTALLED
00:01:23.076998 nspr-4   WARNING [COM]: aRC=NS_ERROR_FAILURE (0x80004005) aIID={16ced992-5fdc-4aba-aff5-6a39bbd7c38b} aComponent={HostWrap} aText={Could not load the Host USB Proxy service: VERR_NOT_FOUND}, preserve=true  aResultDetail=0
00:01:23.077228 nspr-3   WARNING [COM]: aRC=NS_ERROR_FAILURE (0x80004005) aIID={16ced992-5fdc-4aba-aff5-6a39bbd7c38b} aComponent={HostWrap} aText={Could not load the Host USB Proxy service: VERR_NOT_FOUND}, preserve=true  aResultDetail=0
00:01:23.189140 nspr-4   Failed to open "/dev/vboxdrvu", errno=2, rc=VERR_VM_DRIVER_NOT_INSTALLED
00:01:23.202663 nspr-4   WARNING [COM]: aRC=NS_ERROR_FAILURE (0x80004005) aIID={16ced992-5fdc-4aba-aff5-6a39bbd7c38b} aComponent={HostWrap} aText={Could not load the Host USB Proxy service: VERR_NOT_FOUND}, preserve=true  aResultDetail=0
00:01:23.203176 nspr-4   WARNING [COM]: aRC=NS_ERROR_FAILURE (0x80004005) aIID={16ced992-5fdc-4aba-aff5-6a39bbd7c38b} aComponent={HostWrap} aText={Could not load the Host USB Proxy service: VERR_NOT_FOUND}, preserve=true  aResultDetail=0
00:01:38.922856 nspr-2   Saving settings file "/home/peershaul/.config/VirtualBox/VirtualBox.xml" with version "1.12-linux"
00:01:38.979989 nspr-3   Saving settings file "/home/peershaul/.config/VirtualBox/VirtualBox.xml" with version "1.12-linux"
00:01:42.315706 nspr-2   Saving settings file "/home/peershaul/.config/VirtualBox/VirtualBox.xml" with version "1.12-linux"
00:01:42.338382 nspr-4   Failed to open "/dev/vboxdrvu", errno=2, rc=VERR_VM_DRIVER_NOT_INSTALLED
00:01:42.353789 nspr-4   WARNING [COM]: aRC=NS_ERROR_FAILURE (0x80004005) aIID={16ced992-5fdc-4aba-aff5-6a39bbd7c38b} aComponent={HostWrap} aText={Could not load the Host USB Proxy service: VERR_NOT_FOUND}, preserve=true  aResultDetail=0
00:01:42.354338 nspr-4   WARNING [COM]: aRC=NS_ERROR_FAILURE (0x80004005) aIID={16ced992-5fdc-4aba-aff5-6a39bbd7c38b} aComponent={HostWrap} aText={Could not load the Host USB Proxy service: VERR_NOT_FOUND}, preserve=true  aResultDetail=0
00:01:42.395391 nspr-2   WARNING [COM]: aRC=NS_ERROR_FAILURE (0x80004005) aIID={16ced992-5fdc-4aba-aff5-6a39bbd7c38b} aComponent={HostWrap} aText={Could not load the Host USB Proxy service: VERR_NOT_FOUND}, preserve=true  aResultDetail=0
00:01:42.397070 nspr-2   Saving settings file "/home/peershaul/VirtualBox VMs/debian/debian.vbox" with version "1.16-linux"
00:01:42.448913 nspr-4   Saving settings file "/home/peershaul/VirtualBox VMs/debian/debian.vbox" with version "1.16-linux"
00:01:42.638728 nspr-4   Failed to open "/dev/vboxdrvu", errno=2, rc=VERR_VM_DRIVER_NOT_INSTALLED
00:01:42.733983 nspr-4   WARNING [COM]: aRC=NS_ERROR_FAILURE (0x80004005) aIID={16ced992-5fdc-4aba-aff5-6a39bbd7c38b} aComponent={HostWrap} aText={Could not load the Host USB Proxy service: VERR_NOT_FOUND}, preserve=true  aResultDetail=0
00:01:42.739409 nspr-4   WARNING [COM]: aRC=NS_ERROR_FAILURE (0x80004005) aIID={16ced992-5fdc-4aba-aff5-6a39bbd7c38b} aComponent={HostWrap} aText={Could not load the Host USB Proxy service: VERR_NOT_FOUND}, preserve=true  aResultDetail=0
00:01:43.356441 nspr-4   Launched VM: 11120 pid: 24097 (0x5e21) frontend: GUI/Qt name: debian
00:01:43.373595 nspr-3   Failed to open "/dev/vboxdrvu", errno=2, rc=VERR_VM_DRIVER_NOT_INSTALLED
00:01:43.389777 nspr-3   WARNING [COM]: aRC=NS_ERROR_FAILURE (0x80004005) aIID={16ced992-5fdc-4aba-aff5-6a39bbd7c38b} aComponent={HostWrap} aText={Could not load the Host USB Proxy service: VERR_NOT_FOUND}, preserve=true  aResultDetail=0
00:01:43.390366 nspr-3   WARNING [COM]: aRC=NS_ERROR_FAILURE (0x80004005) aIID={16ced992-5fdc-4aba-aff5-6a39bbd7c38b} aComponent={HostWrap} aText={Could not load the Host USB Proxy service: VERR_NOT_FOUND}, preserve=true  aResultDetail=0
00:01:43.857358 Watcher  ERROR [COM]: aRC=NS_ERROR_FAILURE (0x80004005) aIID={85632c68-b5bb-4316-a900-5eb28d3413df} aComponent={MachineWrap} aText={The virtual machine 'debian' has terminated unexpectedly during startup with exit code 1 (0x1)}, preserve=false aResultDetail=0
00:01:44.415388 nspr-4   Failed to open "/dev/vboxdrvu", errno=2, rc=VERR_VM_DRIVER_NOT_INSTALLED
00:01:44.430195 nspr-4   WARNING [COM]: aRC=NS_ERROR_FAILURE (0x80004005) aIID={16ced992-5fdc-4aba-aff5-6a39bbd7c38b} aComponent={HostWrap} aText={Could not load the Host USB Proxy service: VERR_NOT_FOUND}, preserve=true  aResultDetail=0
00:01:44.430824 nspr-4   WARNING [COM]: aRC=NS_ERROR_FAILURE (0x80004005) aIID={16ced992-5fdc-4aba-aff5-6a39bbd7c38b} aComponent={HostWrap} aText={Could not load the Host USB Proxy service: VERR_NOT_FOUND}, preserve=true  aResultDetail=0
00:02:04.594591 nspr-2   Saving settings file "/home/peershaul/.config/VirtualBox/VirtualBox.xml" with version "1.12-linux"
00:02:04.657741 nspr-3   Saving settings file "/home/peershaul/.config/VirtualBox/VirtualBox.xml" with version "1.12-linux"
00:02:04.724339 nspr-3   Saving settings file "/home/peershaul/.config/VirtualBox/VirtualBox.xml" with version "1.12-linux"
00:02:04.812606 nspr-2   Saving settings file "/home/peershaul/.config/VirtualBox/VirtualBox.xml" with version "1.12-linux"
00:02:04.885234 nspr-4   Saving settings file "/home/peershaul/.config/VirtualBox/VirtualBox.xml" with version "1.12-linux"
00:02:04.951990 nspr-4   Saving settings file "/home/peershaul/.config/VirtualBox/VirtualBox.xml" with version "1.12-linux"
00:02:05.019468 nspr-4   Saving settings file "/home/peershaul/.config/VirtualBox/VirtualBox.xml" with version "1.12-linux"
00:02:10.593505 main     VirtualBox: object deletion starts
00:02:10.593578 main     ERROR [COM]: aRC=VBOX_E_OBJECT_IN_USE (0x80bb000c) aIID={ad47ad09-787b-44ab-b343-a082a3f2dfb1} aComponent={MediumWrap} aText={Medium '/home/peershaul/VirtualBox VMs/debian/debian.vdi' cannot be closed because it is still attached to 1 virtual machines}, preserve=false aResultDetail=0
00:02:10.594374 main     HostDnsMonitor: shutting down ...
00:02:10.605621 main     HostDnsMonitor: shut down
00:02:10.866051 Watcher  ERROR [COM]: aRC=E_ACCESSDENIED (0x80070005) aIID={d0a0163f-e254-4e5b-a1f2-011cf991c38d} aComponent={VirtualBoxWrap} aText={The object is not ready}, preserve=false aResultDetail=0
00:02:15.605793 main     {00007f981c015220} HostPowerServiceLinux::~HostPowerServiceLinux: RTThreadWait() for 5000 ms failed with VERR_TIMEOUT
00:02:15.606390 main     VirtualBox: object deleted
