[2021-02-07 09:57:17.088] [exthost] [info] extension host started
[2021-02-07 09:57:17.244] [exthost] [info] ExtensionService#_doActivateExtension llvm-vs-code-extensions.vscode-clangd {"startup":false,"extensionId":{"value":"llvm-vs-code-extensions.vscode-clangd","_lower":"llvm-vs-code-extensions.vscode-clangd"},"activationEvent":"onLanguage:cpp"}
[2021-02-07 09:57:17.244] [exthost] [info] ExtensionService#loadCommonJSModule file:///home/peershaul/.vscode-oss/extensions/llvm-vs-code-extensions.vscode-clangd-0.1.7/out/src/extension
[2021-02-07 09:57:17.841] [exthost] [info] ExtensionService#_doActivateExtension mitaki28.vscode-clang {"startup":false,"extensionId":{"value":"mitaki28.vscode-clang","_lower":"mitaki28.vscode-clang"},"activationEvent":"onLanguage:cpp"}
[2021-02-07 09:57:17.842] [exthost] [info] ExtensionService#loadCommonJSModule file:///home/peershaul/.vscode-oss/extensions/mitaki28.vscode-clang-0.2.3/out/src/extension
[2021-02-07 09:57:17.864] [exthost] [info] ExtensionService#_doActivateExtension vscode.debug-auto-launch {"startup":true,"extensionId":{"value":"vscode.debug-auto-launch","_lower":"vscode.debug-auto-launch"},"activationEvent":"*"}
[2021-02-07 09:57:17.864] [exthost] [info] ExtensionService#loadCommonJSModule file:///usr/lib/code/extensions/debug-auto-launch/dist/extension
[2021-02-07 09:57:17.878] [exthost] [info] ExtensionService#_doActivateExtension vscode.emmet {"startup":true,"extensionId":{"value":"vscode.emmet","_lower":"vscode.emmet"},"activationEvent":"*"}
[2021-02-07 09:57:17.878] [exthost] [info] ExtensionService#loadCommonJSModule file:///usr/lib/code/extensions/emmet/dist/node/emmetNodeMain
[2021-02-07 09:57:17.920] [exthost] [info] ExtensionService#_doActivateExtension vscode.git {"startup":true,"extensionId":{"value":"vscode.github","_lower":"vscode.github"},"activationEvent":"*"}
[2021-02-07 09:57:17.920] [exthost] [info] ExtensionService#loadCommonJSModule file:///usr/lib/code/extensions/git/dist/main
[2021-02-07 09:57:17.959] [exthost] [info] ExtensionService#_doActivateExtension vscode.merge-conflict {"startup":true,"extensionId":{"value":"vscode.merge-conflict","_lower":"vscode.merge-conflict"},"activationEvent":"*"}
[2021-02-07 09:57:17.959] [exthost] [info] ExtensionService#loadCommonJSModule file:///usr/lib/code/extensions/merge-conflict/dist/mergeConflictMain
[2021-02-07 09:57:17.975] [exthost] [info] ExtensionService#_doActivateExtension vscode.search-result {"startup":true,"extensionId":{"value":"vscode.search-result","_lower":"vscode.search-result"},"activationEvent":"*"}
[2021-02-07 09:57:17.975] [exthost] [info] ExtensionService#loadCommonJSModule file:///usr/lib/code/extensions/search-result/dist/extension.js
[2021-02-07 09:57:17.977] [exthost] [info] ExtensionService#_doActivateExtension zhuangtongfa.material-theme {"startup":true,"extensionId":{"value":"zhuangtongfa.material-theme","_lower":"zhuangtongfa.material-theme"},"activationEvent":"*"}
[2021-02-07 09:57:17.977] [exthost] [info] ExtensionService#loadCommonJSModule file:///home/peershaul/.vscode-oss/extensions/zhuangtongfa.material-theme-3.9.13/out/extension.js
[2021-02-07 09:57:18.130] [exthost] [info] ExtensionService#_doActivateExtension vscode.github {"startup":true,"extensionId":{"value":"vscode.github","_lower":"vscode.github"},"activationEvent":"*"}
[2021-02-07 09:57:18.130] [exthost] [info] ExtensionService#loadCommonJSModule file:///usr/lib/code/extensions/github/dist/extension.js
[2021-02-07 09:57:18.150] [exthost] [info] eager extensions activated
[2021-02-07 09:57:18.173] [exthost] [info] ExtensionService#_doActivateExtension ms-vscode.js-debug {"startup":false,"extensionId":{"value":"ms-vscode.js-debug","_lower":"ms-vscode.js-debug"},"activationEvent":"onCommand:extension.js-debug.clearAutoAttachVariables"}
[2021-02-07 09:57:18.173] [exthost] [info] ExtensionService#loadCommonJSModule file:///usr/lib/code/extensions/ms-vscode.js-debug/src/extension.js
[2021-02-07 09:57:18.245] [exthost] [info] ExtensionService#_doActivateExtension formulahendry.code-runner {"startup":false,"extensionId":{"value":"formulahendry.code-runner","_lower":"formulahendry.code-runner"},"activationEvent":"onStartupFinished"}
[2021-02-07 09:57:18.245] [exthost] [info] ExtensionService#loadCommonJSModule file:///home/peershaul/.vscode-oss/extensions/formulahendry.code-runner-0.11.2/out/src/extension
[2021-02-07 09:57:27.743] [exthost] [info] ExtensionService#_doActivateExtension vscode.configuration-editing {"startup":false,"extensionId":{"value":"vscode.configuration-editing","_lower":"vscode.configuration-editing"},"activationEvent":"onLanguage:jsonc"}
[2021-02-07 09:57:27.744] [exthost] [info] ExtensionService#loadCommonJSModule file:///usr/lib/code/extensions/configuration-editing/dist/configurationEditingMain
[2021-02-07 09:57:27.792] [exthost] [info] ExtensionService#_doActivateExtension vscode.json-language-features {"startup":false,"extensionId":{"value":"vscode.json-language-features","_lower":"vscode.json-language-features"},"activationEvent":"onLanguage:jsonc"}
[2021-02-07 09:57:27.792] [exthost] [info] ExtensionService#loadCommonJSModule file:///usr/lib/code/extensions/json-language-features/client/dist/node/jsonClientMain
[2021-02-07 09:57:27.829] [exthost] [info] ExtensionService#_doActivateExtension vscode.typescript-language-features {"startup":false,"extensionId":{"value":"vscode.typescript-language-features","_lower":"vscode.typescript-language-features"},"activationEvent":"onLanguage:jsonc"}
[2021-02-07 09:57:27.829] [exthost] [info] ExtensionService#loadCommonJSModule file:///usr/lib/code/extensions/typescript-language-features/dist/extension
[2021-02-07 09:57:31.631] [exthost] [info] extension host started
[2021-02-07 09:57:31.808] [exthost] [info] ExtensionService#_doActivateExtension llvm-vs-code-extensions.vscode-clangd {"startup":false,"extensionId":{"value":"llvm-vs-code-extensions.vscode-clangd","_lower":"llvm-vs-code-extensions.vscode-clangd"},"activationEvent":"onLanguage:cpp"}
[2021-02-07 09:57:31.808] [exthost] [info] ExtensionService#loadCommonJSModule file:///home/peershaul/.vscode-oss/extensions/llvm-vs-code-extensions.vscode-clangd-0.1.7/out/src/extension
[2021-02-07 09:57:31.922] [exthost] [info] ExtensionService#_doActivateExtension mitaki28.vscode-clang {"startup":false,"extensionId":{"value":"mitaki28.vscode-clang","_lower":"mitaki28.vscode-clang"},"activationEvent":"onLanguage:cpp"}
[2021-02-07 09:57:31.922] [exthost] [info] ExtensionService#loadCommonJSModule file:///home/peershaul/.vscode-oss/extensions/mitaki28.vscode-clang-0.2.3/out/src/extension
[2021-02-07 09:57:31.925] [exthost] [info] ExtensionService#_doActivateExtension vscode.debug-auto-launch {"startup":true,"extensionId":{"value":"vscode.debug-auto-launch","_lower":"vscode.debug-auto-launch"},"activationEvent":"*"}
[2021-02-07 09:57:31.925] [exthost] [info] ExtensionService#loadCommonJSModule file:///usr/lib/code/extensions/debug-auto-launch/dist/extension
[2021-02-07 09:57:31.926] [exthost] [info] ExtensionService#_doActivateExtension vscode.emmet {"startup":true,"extensionId":{"value":"vscode.emmet","_lower":"vscode.emmet"},"activationEvent":"*"}
[2021-02-07 09:57:31.926] [exthost] [info] ExtensionService#loadCommonJSModule file:///usr/lib/code/extensions/emmet/dist/node/emmetNodeMain
[2021-02-07 09:57:31.934] [exthost] [info] ExtensionService#_doActivateExtension vscode.git {"startup":true,"extensionId":{"value":"vscode.github","_lower":"vscode.github"},"activationEvent":"*"}
[2021-02-07 09:57:31.934] [exthost] [info] ExtensionService#loadCommonJSModule file:///usr/lib/code/extensions/git/dist/main
[2021-02-07 09:57:31.945] [exthost] [info] ExtensionService#_doActivateExtension vscode.merge-conflict {"startup":true,"extensionId":{"value":"vscode.merge-conflict","_lower":"vscode.merge-conflict"},"activationEvent":"*"}
[2021-02-07 09:57:31.945] [exthost] [info] ExtensionService#loadCommonJSModule file:///usr/lib/code/extensions/merge-conflict/dist/mergeConflictMain
[2021-02-07 09:57:31.946] [exthost] [info] ExtensionService#_doActivateExtension vscode.search-result {"startup":true,"extensionId":{"value":"vscode.search-result","_lower":"vscode.search-result"},"activationEvent":"*"}
[2021-02-07 09:57:31.946] [exthost] [info] ExtensionService#loadCommonJSModule file:///usr/lib/code/extensions/search-result/dist/extension.js
[2021-02-07 09:57:31.947] [exthost] [info] ExtensionService#_doActivateExtension zhuangtongfa.material-theme {"startup":true,"extensionId":{"value":"zhuangtongfa.material-theme","_lower":"zhuangtongfa.material-theme"},"activationEvent":"*"}
[2021-02-07 09:57:31.947] [exthost] [info] ExtensionService#loadCommonJSModule file:///home/peershaul/.vscode-oss/extensions/zhuangtongfa.material-theme-3.9.13/out/extension.js
[2021-02-07 09:57:32.015] [exthost] [info] ExtensionService#_doActivateExtension vscode.github {"startup":true,"extensionId":{"value":"vscode.github","_lower":"vscode.github"},"activationEvent":"*"}
[2021-02-07 09:57:32.015] [exthost] [info] ExtensionService#loadCommonJSModule file:///usr/lib/code/extensions/github/dist/extension.js
[2021-02-07 09:57:32.035] [exthost] [info] ExtensionService#_doActivateExtension ms-vscode.js-debug {"startup":false,"extensionId":{"value":"ms-vscode.js-debug","_lower":"ms-vscode.js-debug"},"activationEvent":"onCommand:extension.js-debug.clearAutoAttachVariables"}
[2021-02-07 09:57:32.036] [exthost] [info] ExtensionService#loadCommonJSModule file:///usr/lib/code/extensions/ms-vscode.js-debug/src/extension.js
[2021-02-07 09:57:32.081] [exthost] [info] eager extensions activated
[2021-02-07 09:57:32.095] [exthost] [info] ExtensionService#_doActivateExtension formulahendry.code-runner {"startup":false,"extensionId":{"value":"formulahendry.code-runner","_lower":"formulahendry.code-runner"},"activationEvent":"onStartupFinished"}
[2021-02-07 09:57:32.095] [exthost] [info] ExtensionService#loadCommonJSModule file:///home/peershaul/.vscode-oss/extensions/formulahendry.code-runner-0.11.2/out/src/extension
